layouts/build/outputs/logs/manifest-merger-debug-report.txt
-- Merging decision tree log ---
manifest
ADDED from src/main/AndroidManifest.xml:18:1-28:12
INJECTED from src/main/AndroidManifest.xml:18:1-28:12
INJECTED from src/main/AndroidManifest.xml:18:1-28:12
INJECTED from src/main/AndroidManifest.xml:18:1-28:12
INJECTED from src/main/AndroidManifest.xml:18:1-28:12
INJECTED from src/main/AndroidManifest.xml:18:1-28:12
INJECTED from src/main/AndroidManifest.xml:18:1-28:12
	package
		ADDED from src/main/AndroidManifest.xml:19:11-49
		INJECTED from src/main/AndroidManifest.xml
		INJECTED from src/main/AndroidManifest.xml
	android:versionName
		ADDED from src/main/AndroidManifest.xml:21:11-40
		INJECTED from src/main/AndroidManifest.xml
		INJECTED from src/main/AndroidManifest.xml
	xmlns:android
		ADDED from src/main/AndroidManifest.xml:18:11-69
	android:versionCode
		ADDED from src/main/AndroidManifest.xml:20:11-34
		INJECTED from src/main/AndroidManifest.xml
		INJECTED from src/main/AndroidManifest.xml
uses-sdk
ADDED from src/main/AndroidManifest.xml:23:5-24:47
INJECTED from src/main/AndroidManifest.xml:23:5-24:47
INJECTED from src/main/AndroidManifest.xml:23:5-24:47
INJECTED from src/main/AndroidManifest.xml:23:5-24:47
INJECTED from src/main/AndroidManifest.xml:23:5-24:47
	android:targetSdkVersion
		ADDED from src/main/AndroidManifest.xml:24:15-44
		INJECTED from src/main/AndroidManifest.xml
		INJECTED from src/main/AndroidManifest.xml
	android:minSdkVersion
		ADDED from src/main/AndroidManifest.xml:23:15-40
		INJECTED from src/main/AndroidManifest.xml
		INJECTED from src/main/AndroidManifest.xml
application
ADDED from src/main/AndroidManifest.xml:26:5-19